\BOOKMARK [1][-]{section.1}{Introduction}{}% 1
\BOOKMARK [1][-]{section.2}{Block Diagrams}{}% 2
\BOOKMARK [2][-]{subsection.2.1}{Functional Block Diagram}{section.2}% 3
\BOOKMARK [2][-]{subsection.2.2}{Communication unit}{section.2}% 4
\BOOKMARK [3][-]{subsubsection.2.2.1}{Link check}{subsection.2.2}% 5
\BOOKMARK [3][-]{subsubsection.2.2.2}{Data Transfer}{subsection.2.2}% 6
\BOOKMARK [2][-]{subsection.2.3}{Sensor unit}{section.2}% 7
\BOOKMARK [3][-]{subsubsection.2.3.1}{Unidirectional track}{subsection.2.3}% 8
\BOOKMARK [3][-]{subsubsection.2.3.2}{Bidirectional track}{subsection.2.3}% 9
\BOOKMARK [3][-]{subsubsection.2.3.3}{Finding direction}{subsection.2.3}% 10
\BOOKMARK [3][-]{subsubsection.2.3.4}{Multiple Unidirectional tracks}{subsection.2.3}% 11
\BOOKMARK [2][-]{subsection.2.4}{Alarm unit}{section.2}% 12
\BOOKMARK [1][-]{section.3}{Circuit Diagrams}{}% 13
\BOOKMARK [2][-]{subsection.3.1}{Hardware block diagram:}{section.3}% 14
\BOOKMARK [2][-]{subsection.3.2}{Sensor unit}{section.3}% 15
\BOOKMARK [2][-]{subsection.3.3}{Alarm unit}{section.3}% 16
\BOOKMARK [1][-]{section.4}{Photographs}{}% 17
\BOOKMARK [1][-]{section.5}{Objectives achieved}{}% 18
\BOOKMARK [1][-]{section.6}{Problems faced}{}% 19
\BOOKMARK [1][-]{section.7}{Conclusions}{}% 20
\BOOKMARK [1][-]{section.8}{Future Work}{}% 21
\BOOKMARK [1][-]{section.9}{References}{}% 22
